Determining if the pthread_create exist failed with the following output:
Change Dir: /home/fernando/catkin_ws/src/kautham-build/CMakeFiles/CMakeTmp

Run Build Command:"/usr/bin/make" "cmTryCompileExec3909805515/fast"
/usr/bin/make -f CMakeFiles/cmTryCompileExec3909805515.dir/build.make CMakeFiles/cmTryCompileExec3909805515.dir/build
make[1]: Entering directory '/home/fernando/catkin_ws/src/kautham-build/CMakeFiles/CMakeTmp'
/usr/bin/cmake -E cmake_progress_report /home/fernando/catkin_ws/src/kautham-build/CMakeFiles/CMakeTmp/CMakeFiles 1
Building C object CMakeFiles/cmTryCompileExec3909805515.dir/CheckSymbolExists.c.o
/usr/bin/cc    -o CMakeFiles/cmTryCompileExec3909805515.dir/CheckSymbolExists.c.o   -c /home/fernando/catkin_ws/src/kautham-build/CMakeFiles/CMakeTmp/CheckSymbolExists.c
Linking C executable cmTryCompileExec3909805515
/usr/bin/cmake -E cmake_link_script CMakeFiles/cmTryCompileExec3909805515.dir/link.txt --verbose=1
/usr/bin/cc       CMakeFiles/cmTryCompileExec3909805515.dir/CheckSymbolExists.c.o  -o cmTryCompileExec3909805515 -rdynamic 
CMakeFiles/cmTryCompileExec3909805515.dir/CheckSymbolExists.c.o: In function `main':
CheckSymbolExists.c:(.text+0x16): undefined reference to `pthread_create'
collect2: error: ld returned 1 exit status
CMakeFiles/cmTryCompileExec3909805515.dir/build.make:88: recipe for target 'cmTryCompileExec3909805515' failed
make[1]: *** [cmTryCompileExec3909805515] Error 1
make[1]: Leaving directory '/home/fernando/catkin_ws/src/kautham-build/CMakeFiles/CMakeTmp'
Makefile:118: recipe for target 'cmTryCompileExec3909805515/fast' failed
make: *** [cmTryCompileExec3909805515/fast] Error 2

File /home/fernando/catkin_ws/src/kautham-build/CMakeFiles/CMakeTmp/CheckSymbolExists.c:
/* */
#include <pthread.h>

int main(int argc, char** argv)
{
  (void)argv;
#ifndef pthread_create
  return ((int*)(&pthread_create))[argc];
#else
  (void)argc;
  return 0;
#endif
}

Determining if the function pthread_create exists in the pthreads failed with the following output:
Change Dir: /home/fernando/catkin_ws/src/kautham-build/CMakeFiles/CMakeTmp

Run Build Command:"/usr/bin/make" "cmTryCompileExec3267457695/fast"
/usr/bin/make -f CMakeFiles/cmTryCompileExec3267457695.dir/build.make CMakeFiles/cmTryCompileExec3267457695.dir/build
make[1]: Entering directory '/home/fernando/catkin_ws/src/kautham-build/CMakeFiles/CMakeTmp'
/usr/bin/cmake -E cmake_progress_report /home/fernando/catkin_ws/src/kautham-build/CMakeFiles/CMakeTmp/CMakeFiles 1
Building C object CMakeFiles/cmTryCompileExec3267457695.dir/CheckFunctionExists.c.o
/usr/bin/cc   -DCHECK_FUNCTION_EXISTS=pthread_create   -o CMakeFiles/cmTryCompileExec3267457695.dir/CheckFunctionExists.c.o   -c /usr/share/cmake-3.0/Modules/CheckFunctionExists.c
Linking C executable cmTryCompileExec3267457695
/usr/bin/cmake -E cmake_link_script CMakeFiles/cmTryCompileExec3267457695.dir/link.txt --verbose=1
/usr/bin/cc   -DCHECK_FUNCTION_EXISTS=pthread_create    CMakeFiles/cmTryCompileExec3267457695.dir/CheckFunctionExists.c.o  -o cmTryCompileExec3267457695 -rdynamic -lpthreads 
/usr/bin/ld: cannot find -lpthreads
collect2: error: ld returned 1 exit status
CMakeFiles/cmTryCompileExec3267457695.dir/build.make:88: recipe for target 'cmTryCompileExec3267457695' failed
make[1]: Leaving directory '/home/fernando/catkin_ws/src/kautham-build/CMakeFiles/CMakeTmp'
make[1]: *** [cmTryCompileExec3267457695] Error 1
Makefile:118: recipe for target 'cmTryCompileExec3267457695/fast' failed
make: *** [cmTryCompileExec3267457695/fast] Error 2


Determining if the Q_WS_WIN exist failed with the following output:
Change Dir: /home/fernando/catkin_ws/src/kautham-build/CMakeFiles/CMakeTmp

Run Build Command:"/usr/bin/make" "cmTryCompileExec1987101297/fast"
/usr/bin/make -f CMakeFiles/cmTryCompileExec1987101297.dir/build.make CMakeFiles/cmTryCompileExec1987101297.dir/build
make[1]: Entering directory '/home/fernando/catkin_ws/src/kautham-build/CMakeFiles/CMakeTmp'
/usr/bin/cmake -E cmake_progress_report /home/fernando/catkin_ws/src/kautham-build/CMakeFiles/CMakeTmp/CMakeFiles 1
Building CXX object CMakeFiles/cmTryCompileExec1987101297.dir/CheckSymbolExists.cxx.o
/usr/bin/c++    -I/usr/include/qt4    -o CMakeFiles/cmTryCompileExec1987101297.dir/CheckSymbolExists.cxx.o -c /home/fernando/catkin_ws/src/kautham-build/CMakeFiles/CMakeTmp/CheckSymbolExists.cxx
/home/fernando/catkin_ws/src/kautham-build/CMakeFiles/CMakeTmp/CheckSymbolExists.cxx: In function ‘int main(int, char**)’:
/home/fernando/catkin_ws/src/kautham-build/CMakeFiles/CMakeTmp/CheckSymbolExists.cxx:8:19: error: ‘Q_WS_WIN’ was not declared in this scope
   return ((int*)(&Q_WS_WIN))[argc];
                   ^
CMakeFiles/cmTryCompileExec1987101297.dir/build.make:57: recipe for target 'CMakeFiles/cmTryCompileExec1987101297.dir/CheckSymbolExists.cxx.o' failed
make[1]: Leaving directory '/home/fernando/catkin_ws/src/kautham-build/CMakeFiles/CMakeTmp'
make[1]: *** [CMakeFiles/cmTryCompileExec1987101297.dir/CheckSymbolExists.cxx.o] Error 1
Makefile:118: recipe for target 'cmTryCompileExec1987101297/fast' failed
make: *** [cmTryCompileExec1987101297/fast] Error 2

File /home/fernando/catkin_ws/src/kautham-build/CMakeFiles/CMakeTmp/CheckSymbolExists.cxx:
/* */
#include <QtCore/qglobal.h>

int main(int argc, char** argv)
{
  (void)argv;
#ifndef Q_WS_WIN
  return ((int*)(&Q_WS_WIN))[argc];
#else
  (void)argc;
  return 0;
#endif
}

Determining if the Q_WS_QWS exist failed with the following output:
Change Dir: /home/fernando/catkin_ws/src/kautham-build/CMakeFiles/CMakeTmp

Run Build Command:"/usr/bin/make" "cmTryCompileExec2948432311/fast"
/usr/bin/make -f CMakeFiles/cmTryCompileExec2948432311.dir/build.make CMakeFiles/cmTryCompileExec2948432311.dir/build
make[1]: Entering directory '/home/fernando/catkin_ws/src/kautham-build/CMakeFiles/CMakeTmp'
/usr/bin/cmake -E cmake_progress_report /home/fernando/catkin_ws/src/kautham-build/CMakeFiles/CMakeTmp/CMakeFiles 1
Building CXX object CMakeFiles/cmTryCompileExec2948432311.dir/CheckSymbolExists.cxx.o
/usr/bin/c++    -I/usr/include/qt4    -o CMakeFiles/cmTryCompileExec2948432311.dir/CheckSymbolExists.cxx.o -c /home/fernando/catkin_ws/src/kautham-build/CMakeFiles/CMakeTmp/CheckSymbolExists.cxx
/home/fernando/catkin_ws/src/kautham-build/CMakeFiles/CMakeTmp/CheckSymbolExists.cxx: In function ‘int main(int, char**)’:
/home/fernando/catkin_ws/src/kautham-build/CMakeFiles/CMakeTmp/CheckSymbolExists.cxx:8:19: error: ‘Q_WS_QWS’ was not declared in this scope
   return ((int*)(&Q_WS_QWS))[argc];
                   ^
CMakeFiles/cmTryCompileExec2948432311.dir/build.make:57: recipe for target 'CMakeFiles/cmTryCompileExec2948432311.dir/CheckSymbolExists.cxx.o' failed
make[1]: Leaving directory '/home/fernando/catkin_ws/src/kautham-build/CMakeFiles/CMakeTmp'
make[1]: *** [CMakeFiles/cmTryCompileExec2948432311.dir/CheckSymbolExists.cxx.o] Error 1
Makefile:118: recipe for target 'cmTryCompileExec2948432311/fast' failed
make: *** [cmTryCompileExec2948432311/fast] Error 2

File /home/fernando/catkin_ws/src/kautham-build/CMakeFiles/CMakeTmp/CheckSymbolExists.cxx:
/* */
#include <QtCore/qglobal.h>

int main(int argc, char** argv)
{
  (void)argv;
#ifndef Q_WS_QWS
  return ((int*)(&Q_WS_QWS))[argc];
#else
  (void)argc;
  return 0;
#endif
}

Determining if the Q_WS_MAC exist failed with the following output:
Change Dir: /home/fernando/catkin_ws/src/kautham-build/CMakeFiles/CMakeTmp

Run Build Command:"/usr/bin/make" "cmTryCompileExec3407456050/fast"
/usr/bin/make -f CMakeFiles/cmTryCompileExec3407456050.dir/build.make CMakeFiles/cmTryCompileExec3407456050.dir/build
make[1]: Entering directory '/home/fernando/catkin_ws/src/kautham-build/CMakeFiles/CMakeTmp'
/usr/bin/cmake -E cmake_progress_report /home/fernando/catkin_ws/src/kautham-build/CMakeFiles/CMakeTmp/CMakeFiles 1
Building CXX object CMakeFiles/cmTryCompileExec3407456050.dir/CheckSymbolExists.cxx.o
/usr/bin/c++    -I/usr/include/qt4    -o CMakeFiles/cmTryCompileExec3407456050.dir/CheckSymbolExists.cxx.o -c /home/fernando/catkin_ws/src/kautham-build/CMakeFiles/CMakeTmp/CheckSymbolExists.cxx
/home/fernando/catkin_ws/src/kautham-build/CMakeFiles/CMakeTmp/CheckSymbolExists.cxx: In function ‘int main(int, char**)’:
/home/fernando/catkin_ws/src/kautham-build/CMakeFiles/CMakeTmp/CheckSymbolExists.cxx:8:19: error: ‘Q_WS_MAC’ was not declared in this scope
   return ((int*)(&Q_WS_MAC))[argc];
                   ^
CMakeFiles/cmTryCompileExec3407456050.dir/build.make:57: recipe for target 'CMakeFiles/cmTryCompileExec3407456050.dir/CheckSymbolExists.cxx.o' failed
make[1]: Leaving directory '/home/fernando/catkin_ws/src/kautham-build/CMakeFiles/CMakeTmp'
make[1]: *** [CMakeFiles/cmTryCompileExec3407456050.dir/CheckSymbolExists.cxx.o] Error 1
Makefile:118: recipe for target 'cmTryCompileExec3407456050/fast' failed
make: *** [cmTryCompileExec3407456050/fast] Error 2

File /home/fernando/catkin_ws/src/kautham-build/CMakeFiles/CMakeTmp/CheckSymbolExists.cxx:
/* */
#include <QtCore/qglobal.h>

int main(int argc, char** argv)
{
  (void)argv;
#ifndef Q_WS_MAC
  return ((int*)(&Q_WS_MAC))[argc];
#else
  (void)argc;
  return 0;
#endif
}

